{"sessionId": "d84fb3", "hypothesisId": "H6", "location": "tiflux_client._prepare_client_for_inactivate", "message": "PUT preparação (payload completo)", "data": {"client_id": 42, "desk_count": 1}, "timestamp": 1780683993896}
{"sessionId": "d84fb3", "hypothesisId": "H1,H3,H5", "location": "tiflux_client.delete_client:before_put", "message": "PUT inativar (status=false)", "data": {"client_id": 42, "prepared": true, "desk_count": 0}, "timestamp": 1780683993897}
{"sessionId": "d84fb3", "hypothesisId": "H1,H4,H5", "location": "tiflux_client.delete_client:after_put", "message": "Resposta PUT inativar", "data": {"client_id": 42, "status_code": 200, "body_snippet": ""}, "timestamp": 1780683993899}
{"sessionId": "d84fb3", "hypothesisId": "H6", "location": "tiflux_client.delete_client", "message": "Cliente já inativo", "data": {"client_id": 42}, "timestamp": 1780683993915}
{"sessionId": "d84fb3", "hypothesisId": "H6", "location": "tiflux_client.delete_client", "message": "Cliente já inativo", "data": {"client_id": 2279915}, "timestamp": 1780683995888}
{"sessionId": "d84fb3", "hypothesisId": "H6", "location": "tiflux_client._prepare_client_for_inactivate", "message": "PUT preparação (payload completo)", "data": {"client_id": 2279915, "desk_count": 27}, "timestamp": 1780684000254}
{"sessionId": "d84fb3", "hypothesisId": "H1,H3,H5", "location": "tiflux_client.delete_client:before_put", "message": "PUT inativar (status=false)", "data": {"client_id": 2279915, "prepared": true, "desk_count": 0}, "timestamp": 1780684001383}
{"sessionId": "d84fb3", "hypothesisId": "H1,H4,H5", "location": "tiflux_client.delete_client:after_put", "message": "Resposta PUT inativar", "data": {"client_id": 2279915, "status_code": 200, "body_snippet": "{\"id\":2279915,\"address_ids\":[],\"anotations\":null,\"authorization_flow\":false,\"billing_report_type\":\"detailed_with_appointment\",\"contact_ids\":[],\"desk_ids\":[],\"email_financial\":null,\"equipment_counter\":0,\"estadual_registration\":null,\"form_of_payment\":\"BOLETO\",\"group_counter\":1,\"logo\":null,\"max_agents\":0,\"municipal_registration\":null,\"name\":\"JOSE RICARDO DOS SANTOS 97727423734\",\"quarterly_bill_client_id\":null,\"quarterly_billing\":false,\"sms_financial\":null,\"social\":\"JOSE RICARDO DOS SANTOS 97727423734\",\"social_revenue\":\"12096545000122\",\"status\":false,\"technical_group_ids\":[],\"user_counter\":0,\"user"}, "timestamp": 1780684002214}
{"sessionId": "d84fb3", "hypothesisId": "H6", "location": "tiflux_client._prepare_client_for_inactivate", "message": "PUT preparação (payload completo)", "data": {"client_id": 42, "desk_count": 1}, "timestamp": 1780684011123}
{"sessionId": "d84fb3", "hypothesisId": "H1,H3,H5", "location": "tiflux_client.delete_client:before_put", "message": "PUT inativar (status=false)", "data": {"client_id": 42, "prepared": true, "desk_count": 0}, "timestamp": 1780684011124}
{"sessionId": "d84fb3", "hypothesisId": "H1,H4,H5", "location": "tiflux_client.delete_client:after_put", "message": "Resposta PUT inativar", "data": {"client_id": 42, "status_code": 200, "body_snippet": ""}, "timestamp": 1780684011125}
{"sessionId": "d84fb3", "hypothesisId": "H6", "location": "tiflux_client.delete_client", "message": "Cliente já inativo", "data": {"client_id": 42}, "timestamp": 1780684011142}
{"sessionId": "d84fb3", "hypothesisId": "H2", "location": "orchestrator._tiflux_delete:entry", "message": "Início exclusão TiFlux", "data": {"tiflux_client_id": 2279915, "search_mode": "name", "term_len": 23}, "timestamp": 1780684206532}
{"sessionId": "d84fb3", "hypothesisId": "H6", "location": "tiflux_client.delete_client", "message": "Cliente já inativo", "data": {"client_id": 2279915}, "timestamp": 1780684207164}
{"sessionId": "d84fb3", "hypothesisId": "H4", "location": "main.py:integrar", "message": "integrate_start", "data": {"desk_count": 19}, "timestamp": 1780684369066}
{"sessionId": "d84fb3", "hypothesisId": "H4", "location": "main.py:integrar", "message": "integrate_done", "data": {"success": true}, "timestamp": 1780684374269}
{"sessionId": "d84fb3", "hypothesisId": "H2", "location": "orchestrator._tiflux_delete:entry", "message": "Início exclusão TiFlux", "data": {"tiflux_client_id": 2279925, "search_mode": "cnpj", "term_len": 14}, "timestamp": 1780684382655}
{"sessionId": "d84fb3", "hypothesisId": "H2", "location": "tiflux_client.resolve_client_id", "message": "ID confirmado via GET", "data": {"original_id": 2279925, "resolved_id": 2279925}, "timestamp": 1780684383681}
{"sessionId": "d84fb3", "hypothesisId": "H6", "location": "tiflux_client._prepare_client_for_inactivate", "message": "PUT preparação (payload completo)", "data": {"client_id": 2279925, "desk_count": 19}, "timestamp": 1780684384265}
{"sessionId": "d84fb3", "hypothesisId": "H1,H3,H5", "location": "tiflux_client.delete_client:before_put", "message": "PUT inativar (status=false)", "data": {"client_id": 2279925, "prepared": true, "desk_count": 0}, "timestamp": 1780684385369}
{"sessionId": "d84fb3", "hypothesisId": "H1,H4,H5", "location": "tiflux_client.delete_client:after_put", "message": "Resposta PUT inativar", "data": {"client_id": 2279925, "status_code": 200, "body_snippet": "{\"id\":2279925,\"address_ids\":[],\"anotations\":null,\"authorization_flow\":false,\"billing_report_type\":\"detailed_with_appointment\",\"contact_ids\":[],\"desk_ids\":[],\"email_financial\":null,\"equipment_counter\":0,\"estadual_registration\":null,\"form_of_payment\":\"BOLETO\",\"group_counter\":1,\"logo\":null,\"max_agents\":0,\"municipal_registration\":null,\"name\":\"CARMEL CORRETORA DE SEGUROS\",\"quarterly_bill_client_id\":null,\"quarterly_billing\":false,\"sms_financial\":null,\"social\":\"CARMEL CORRETORA E ASSESSORIA DE SEGUROS LTDA\",\"social_revenue\":\"21125725000186\",\"status\":false,\"technical_group_ids\":[],\"user_counter\":0,\"us"}, "timestamp": 1780684385980}
{"sessionId": "d84fb3", "hypothesisId": "H4", "location": "main.py:integrar", "message": "integrate_start", "data": {"desk_count": 19}, "timestamp": 1780684721751}
{"sessionId": "d84fb3", "hypothesisId": "H4", "location": "main.py:integrar", "message": "integrate_done", "data": {"success": true}, "timestamp": 1780684726506}
{"sessionId": "d84fb3", "hypothesisId": "H2", "location": "orchestrator._tiflux_delete:entry", "message": "Início exclusão TiFlux", "data": {"tiflux_client_id": 2279932, "search_mode": "cnpj", "term_len": 14}, "timestamp": 1780684745501}
{"sessionId": "d84fb3", "hypothesisId": "H2", "location": "tiflux_client.resolve_client_id", "message": "ID confirmado via GET", "data": {"original_id": 2279932, "resolved_id": 2279932}, "timestamp": 1780684746430}
{"sessionId": "d84fb3", "hypothesisId": "H6", "location": "tiflux_client._prepare_client_for_inactivate", "message": "PUT preparação (payload completo)", "data": {"client_id": 2279932, "desk_count": 19}, "timestamp": 1780684746980}
{"sessionId": "d84fb3", "hypothesisId": "H1,H3,H5", "location": "tiflux_client.delete_client:before_put", "message": "PUT inativar (status=false)", "data": {"client_id": 2279932, "prepared": true, "desk_count": 0}, "timestamp": 1780684748110}
{"sessionId": "d84fb3", "hypothesisId": "H1,H4,H5", "location": "tiflux_client.delete_client:after_put", "message": "Resposta PUT inativar", "data": {"client_id": 2279932, "status_code": 200, "body_snippet": "{\"id\":2279932,\"address_ids\":[],\"anotations\":null,\"authorization_flow\":false,\"billing_report_type\":\"detailed_with_appointment\",\"contact_ids\":[],\"desk_ids\":[],\"email_financial\":null,\"equipment_counter\":0,\"estadual_registration\":null,\"form_of_payment\":\"BOLETO\",\"group_counter\":1,\"logo\":null,\"max_agents\":0,\"municipal_registration\":null,\"name\":\"PROFISSIONAL UNIFORMES\",\"quarterly_bill_client_id\":null,\"quarterly_billing\":false,\"sms_financial\":null,\"social\":\"PROFISSIONAL UNIFORMES LTDA\",\"social_revenue\":\"08734694000100\",\"status\":false,\"technical_group_ids\":[],\"user_counter\":0,\"user_ids\":[],\"work_folder"}, "timestamp": 1780684748687}
